{
  "stats": {
    "suites": 1,
    "tests": 1,
    "passes": 1,
    "pending": 0,
    "failures": 0,
    "start": "2025-04-24T12:13:12.311Z",
    "end": "2025-04-24T12:13:28.693Z",
    "duration": 16382,
    "testsRegistered": 1,
    "passPercent": 100,
    "pendingPercent": 0,
    "other": 0,
    "hasOther": false,
    "skipped": 0,
    "hasSkipped": false
  },
  "results": [
    {
      "uuid": "f9b295f0-be41-4390-9157-74c6d5633433",
      "title": "",
      "fullFile": "cypress\\integration\\examples\\Test1.cy.js",
      "file": "cypress\\integration\\examples\\Test1.cy.js",
      "beforeHooks": [],
      "afterHooks": [],
      "tests": [],
      "suites": [
        {
          "uuid": "48d31a66-8506-49d0-b288-23ce9657ae71",
          "title": "Green Kart",
          "fullFile": "",
          "file": "",
          "beforeHooks": [],
          "afterHooks": [],
          "tests": [
            {
              "title": "visit website URL",
              "fullTitle": "Green Kart visit website URL",
              "timedOut": null,
              "duration": 14619,
              "state": "passed",
              "speed": "slow",
              "pass": true,
              "fail": false,
              "pending": false,
              "context": null,
              "code": "cy.visit(Cypress.env('url') + 'seleniumPractise/#/');\ncy.get('body').should('be.visible');\ncy.get('.blinkingText').should('be.visible');\ncy.get('.search-keyword').should('be.visible').type('ca');\n// cy.get('.search-button').click();\ncy.wait(5000);\n// cy.get('.products .products').should('have.length',4);\ncy.get('.products:visible').find('.product').should('have.length', 4);\ncy.get('.products:visible').find('.product').eq(1).should('be.visible');\ncy.get(':nth-child(2) > .stepper-input > .increment').click();\ncy.get(':nth-child(2) > .product-action > button').click();\ncy.get('.products:visible').find('.product').each(function ($el, index, $list) {\n  const textveg = $el.find('.product-name').text();\n  if (textveg.includes('Cashews')) {\n    cy.wrap($el).find('button').click();\n    cy.wait(5000);\n    cy.get('.brand').should('have.text', 'GREENKART').then($el => {\n      const logoText = $el.text();\n      cy.log('The logo text is: ' + logoText);\n      // console.log('The logo text is:', logoText);\n      cy.get('.cart-icon > img').click();\n      cy.contains('PROCEED TO CHECKOUT').click();\n      cy.contains('Place Order').should('be.visible');\n      cy.get('[style=\"text-align: right; width: 100%; margin-top: 20px; margin-right: 10px;\"] > :nth-child(14)').click();\n    });\n  }\n});",
              "err": {},
              "uuid": "e303795d-73d4-4040-8804-e28fd5107e8e",
              "parentUUID": "48d31a66-8506-49d0-b288-23ce9657ae71",
              "isHook": false,
              "skipped": false
            }
          ],
          "suites": [],
          "passes": [
            "e303795d-73d4-4040-8804-e28fd5107e8e"
          ],
          "failures": [],
          "pending": [],
          "skipped": [],
          "duration": 14619,
          "root": false,
          "rootEmpty": false,
          "_timeout": 2000
        }
      ],
      "passes": [],
      "failures": [],
      "pending": [],
      "skipped": [],
      "duration": 0,
      "root": true,
      "rootEmpty": true,
      "_timeout": 2000
    }
  ],
  "meta": {
    "mocha": {
      "version": "7.0.1"
    },
    "mochawesome": {
      "options": {
        "quiet": false,
        "reportFilename": "mochawesome",
        "saveHtml": false,
        "saveJson": true,
        "consoleReporter": "spec",
        "useInlineDiffs": false,
        "code": true
      },
      "version": "7.1.3"
    },
    "marge": {
      "options": {
        "charts": true,
        "reportPageTitle": "Cypress Test Report",
        "embeddedScreenshots": true,
        "inlineAssets": true,
        "saveAllAttempts": false,
        "overwrite": false,
        "reportDir": "cypress\\reports\\mochawesome-report\\.jsons",
        "html": false,
        "json": true
      },
      "version": "6.2.0"
    }
  }
}