

{
  "stats": {
    "suites": 1,
    "tests": 1,
    "passes": 1,
    "pending": 0,
    "failures": 0,
    "start": "2025-04-24T12:13:05.619Z",
    "end": "2025-04-24T12:13:10.644Z",
    "duration": 5025,
    "testsRegistered": 1,
    "passPercent": 100,
    "pendingPercent": 0,
    "other": 0,
    "hasOther": false,
    "skipped": 0,
    "hasSkipped": false
  },
  "results": [
    {
      "uuid": "84b213fe-9ca3-4a24-84af-769fc79f5f89",
      "title": "",
      "fullFile": "cypress\\integration\\examples\\Alerts,popups.cy.js",
      "file": "cypress\\integration\\examples\\Alerts,popups.cy.js",
      "beforeHooks": [],
      "afterHooks": [],
      "tests": [],
      "suites": [
        {
          "uuid": "ffcac22b-0946-4f96-81a1-740b9fdab5a7",
          "title": "Alerts and Popups Test Suite",
          "fullFile": "",
          "file": "",
          "beforeHooks": [],
          "afterHooks": [],
          "tests": [
            {
              "title": "should handle alerts and popups",
              "fullTitle": "Alerts and Popups Test Suite should handle alerts and popups",
              "timedOut": null,
              "duration": 2678,
              "state": "passed",
              "speed": "fast",
              "pass": true,
              "fail": false,
              "pending": false,
              "context": null,
              "code": "cy.visit('https://rahulshettyacademy.com/AutomationPractice/');\ncy.get('#alertbtn').click();\ncy.on('window:alert', str => {\n  expect(str).to.equal('Hello , share this practice page and share your knowledge');\n  cy.get('#confirmbtn').click();\n  cy.on('window:confirm', str => {\n    expect(str).to.equal('Hello , Are you sure you want to confirm?');\n  });\n});",
              "err": {},
              "uuid": "a4de257f-1098-4b22-8188-370a951125c4",
              "parentUUID": "ffcac22b-0946-4f96-81a1-740b9fdab5a7",
              "isHook": false,
              "skipped": false
            }
          ],
          "suites": [],
          "passes": [
            "a4de257f-1098-4b22-8188-370a951125c4"
          ],
          "failures": [],
          "pending": [],
          "skipped": [],
          "duration": 2678,
          "root": false,
          "rootEmpty": false,
          "_timeout": 2000
        }
      ],
      "passes": [],
      "failures": [],
      "pending": [],
      "skipped": [],
      "duration": 0,
      "root": true,
      "rootEmpty": true,
      "_timeout": 2000
    }
  ],
  "meta": {
    "mocha": {
      "version": "7.0.1"
    },
    "mochawesome": {
      "options": {
        "quiet": false,
        "reportFilename": "mochawesome",
        "saveHtml": false,
        "saveJson": true,
        "consoleReporter": "spec",
        "useInlineDiffs": false,
        "code": true
      },
      "version": "7.1.3"
    },
    "marge": {
      "options": {
        "charts": true,
        "reportPageTitle": "Cypress Test Report",
        "embeddedScreenshots": true,
        "inlineAssets": true,
        "saveAllAttempts": false,
        "overwrite": false,
        "reportDir": "cypress\\reports\\mochawesome-report\\.jsons",
        "html": false,
        "json": true
      },
      "version": "6.2.0"
    }
  }
}