{
  "stats": {
    "suites": 1,
    "tests": 1,
    "passes": 1,
    "pending": 0,
    "failures": 0,
    "start": "2025-04-24T12:13:30.298Z",
    "end": "2025-04-24T12:13:35.672Z",
    "duration": 5374,
    "testsRegistered": 1,
    "passPercent": 100,
    "pendingPercent": 0,
    "other": 0,
    "hasOther": false,
    "skipped": 0,
    "hasSkipped": false
  },
  "results": [
    {
      "uuid": "2ebf55ce-63f2-45df-a67c-9d594c9172ed",
      "title": "",
      "fullFile": "cypress\\integration\\examples\\Test2.cy.js",
      "file": "cypress\\integration\\examples\\Test2.cy.js",
      "beforeHooks": [],
      "afterHooks": [],
      "tests": [],
      "suites": [
        {
          "uuid": "3a460e7f-bc53-419d-a460-948622c17bb0",
          "title": "Practice",
          "fullFile": "",
          "file": "",
          "beforeHooks": [],
          "afterHooks": [],
          "tests": [
            {
              "title": "Check Boxes",
              "fullTitle": "Practice Check Boxes",
              "timedOut": null,
              "duration": 3196,
              "state": "passed",
              "speed": "fast",
              "pass": true,
              "fail": false,
              "pending": false,
              "context": null,
              "code": "cy.visit('https://rahulshettyacademy.com/AutomationPractice/');\ncy.url().then(url => {\n  cy.log('The current Url' + url);\n  expect(url).to.include('rahulshettyacademy.com');\n});\n// check boxes\ncy.get('#checkBoxOption1').check().should('be.checked').and('have.value', 'option1');\ncy.get('#checkBoxOption1').uncheck().should('not.be.checked');\ncy.get('input[type=\"checkbox\"]').check(['option1', 'option2']);\n// Static Drop Downs\ncy.get('#dropdown-class-example').select('Option2').should('have.value', 'option2');\n// dynamic drop downs\ncy.get('#autocomplete').type('ind');\ncy.get('.ui-menu-item div').each(($e1, index, $list) => {\n  if ($e1.text() === 'India') {\n    cy.wrap($e1).click();\n  }\n});\ncy.get('#autocomplete').should('have.value', 'India');",
              "err": {},
              "uuid": "aad5fcf0-f451-43db-b3c1-4fef2e68d7fd",
              "parentUUID": "3a460e7f-bc53-419d-a460-948622c17bb0",
              "isHook": false,
              "skipped": false
            }
          ],
          "suites": [],
          "passes": [
            "aad5fcf0-f451-43db-b3c1-4fef2e68d7fd"
          ],
          "failures": [],
          "pending": [],
          "skipped": [],
          "duration": 3196,
          "root": false,
          "rootEmpty": false,
          "_timeout": 2000
        }
      ],
      "passes": [],
      "failures": [],
      "pending": [],
      "skipped": [],
      "duration": 0,
      "root": true,
      "rootEmpty": true,
      "_timeout": 2000
    }
  ],
  "meta": {
    "mocha": {
      "version": "7.0.1"
    },
    "mochawesome": {
      "options": {
        "quiet": false,
        "reportFilename": "mochawesome",
        "saveHtml": false,
        "saveJson": true,
        "consoleReporter": "spec",
        "useInlineDiffs": false,
        "code": true
      },
      "version": "7.1.3"
    },
    "marge": {
      "options": {
        "charts": true,
        "reportPageTitle": "Cypress Test Report",
        "embeddedScreenshots": true,
        "inlineAssets": true,
        "saveAllAttempts": false,
        "overwrite": false,
        "reportDir": "cypress\\reports\\mochawesome-report\\.jsons",
        "html": false,
        "json": true
      },
      "version": "6.2.0"
    }
  }
}